  main.cpp
c:\users\mocas\source\repos\physicspba\physicspba\main.cpp(221): warning C4244: 'argument': conversion from 'float' to 'int', possible loss of data
c:\users\mocas\source\repos\physicspba\physicspba\main.cpp(238): warning C4244: 'argument': conversion from 'int' to 'float', possible loss of data
c:\users\mocas\source\repos\physicspba\physicspba\main.cpp(253): warning C4305: 'argument': truncation from 'double' to 'float'
c:\users\mocas\source\repos\physicspba\physicspba\main.cpp(253): warning C4293: '>>': shift count negative or too big, undefined behavior
c:\users\mocas\source\repos\physicspba\physicspba\main.cpp(254): warning C4305: 'argument': truncation from 'double' to 'float'
c:\users\mocas\source\repos\physicspba\physicspba\main.cpp(254): warning C4293: '>>': shift count negative or too big, undefined behavior
c:\users\mocas\source\repos\physicspba\physicspba\main.cpp(255): warning C4305: 'argument': truncation from 'double' to 'float'
c:\users\mocas\source\repos\physicspba\physicspba\main.cpp(255): warning C4293: '>>': shift count negative or too big, undefined behavior
c:\users\mocas\source\repos\physicspba\physicspba\main.cpp(310): warning C4244: 'argument': conversion from 'int' to 'float', possible loss of data
c:\users\mocas\source\repos\physicspba\physicspba\main.cpp(366): warning C4244: 'argument': conversion from '_Ty2' to 'int', possible loss of data
          with
          [
              _Ty2=float
          ]
c:\users\mocas\source\repos\physicspba\physicspba\main.cpp(366): warning C4244: 'argument': conversion from '_Ty1' to 'int', possible loss of data
          with
          [
              _Ty1=float
          ]
c:\users\mocas\source\repos\physicspba\physicspba\main.cpp(365): warning C4244: 'argument': conversion from '_Ty2' to 'int', possible loss of data
          with
          [
              _Ty2=float
          ]
c:\users\mocas\source\repos\physicspba\physicspba\main.cpp(365): warning C4244: 'argument': conversion from '_Ty1' to 'int', possible loss of data
          with
          [
              _Ty1=float
          ]
  Generating code
  0 of 593 functions ( 0.0%) were compiled, the rest were copied from previous compilation.
    0 functions were new in current compilation
    0 functions had inline decision re-evaluated but remain unchanged
  Finished generating code
  PhysicsPBA.vcxproj -> C:\Users\mocas\source\repos\PhysicsPBA\Release\PhysicsPBA.exe
